[2018-05-25 20:59:52] NULL.INFO: >>>>>>>>
GET /sns/jscode2session?access_token=10_NHqAy3cOfuXk9W7_ZpKTYvuj51F630BSu5_y3qn6NwHkTpZpostSLobBVeV63XziFVUSJpE2hI9eVVSQCntru69sqIgfKglx4WWXnn7SNuUw_KOa0GS-ZiMkrzeBbt6TAEsxw_OrtOo7ayB8GFEbADAZYX&appid=wxa3e468cc9a38d354&secret=220dd85ccb8e554766529a20a645578a&js_code=021RtRH80zThbH1ERXF80ISAH80RtRH8&grant_type=authorization_code HTTP/1.1
Host: api.weixin.qq.com
User-Agent: GuzzleHttp/6.3.2 curl/7.54.1 PHP/7.1.7


<<<<<<<<
HTTP/1.1 200 OK
Connection: keep-alive
Content-Type: text/plain
Date: Fri, 25 May 2018 12:59:52 GMT
Content-Length: 101

{"session_key":"1wEmJib\/DXVwqar1c4fM9Q==","expires_in":7200,"openid":"oIen-0KyUa-hr2eUt11byR902x8c"}
--------
NULL  
[2018-05-25 20:59:52] NULL.INFO: >>>>>>>>
GET /sns/jscode2session?access_token=10_NHqAy3cOfuXk9W7_ZpKTYvuj51F630BSu5_y3qn6NwHkTpZpostSLobBVeV63XziFVUSJpE2hI9eVVSQCntru69sqIgfKglx4WWXnn7SNuUw_KOa0GS-ZiMkrzeBbt6TAEsxw_OrtOo7ayB8GFEbADAZYX&appid=wxa3e468cc9a38d354&secret=220dd85ccb8e554766529a20a645578a&js_code=0813CXj72sI68K0Rr0l72fS8k723CXjW&grant_type=authorization_code HTTP/1.1
Host: api.weixin.qq.com
User-Agent: GuzzleHttp/6.3.2 curl/7.54.1 PHP/7.1.7


<<<<<<<<
HTTP/1.1 200 OK
Connection: keep-alive
Content-Type: text/plain
Date: Fri, 25 May 2018 12:59:52 GMT
Content-Length: 101

{"session_key":"1wEmJib\/DXVwqar1c4fM9Q==","expires_in":7200,"openid":"oIen-0KyUa-hr2eUt11byR902x8c"}
--------
NULL  
[2018-05-25 21:00:02] NULL.INFO: >>>>>>>>
GET /sns/jscode2session?access_token=10_NHqAy3cOfuXk9W7_ZpKTYvuj51F630BSu5_y3qn6NwHkTpZpostSLobBVeV63XziFVUSJpE2hI9eVVSQCntru69sqIgfKglx4WWXnn7SNuUw_KOa0GS-ZiMkrzeBbt6TAEsxw_OrtOo7ayB8GFEbADAZYX&appid=wxa3e468cc9a38d354&secret=220dd85ccb8e554766529a20a645578a&js_code=011VWWub0GLe9u1dylyb0GHRub0VWWub&grant_type=authorization_code HTTP/1.1
Host: api.weixin.qq.com
User-Agent: GuzzleHttp/6.3.2 curl/7.54.1 PHP/7.1.7


<<<<<<<<
HTTP/1.1 200 OK
Connection: keep-alive
Content-Type: text/plain
Date: Fri, 25 May 2018 13:00:02 GMT
Content-Length: 101

{"session_key":"1wEmJib\/DXVwqar1c4fM9Q==","expires_in":7200,"openid":"oIen-0KyUa-hr2eUt11byR902x8c"}
--------
NULL  
[2018-05-25 23:29:02] NULL.INFO: >>>>>>>>
GET /sns/jscode2session?access_token=10_di8RH60P0jZF3H-l_0xFs0cunLEIv7CL0wgdB9BOXFQayezHbVZ7ogf8YlE8AoWyxqffTjw41zBtB1dKYGofojW5A_Ne2f25h2TGKEdkXbXhKzv3N9lchmW1YFa7pqxX_qvznaVeiFE1YuFcOLPbAIAAXB&appid=wxa3e468cc9a38d354&secret=220dd85ccb8e554766529a20a645578a&js_code=071tCWZD0KPntc2Edo1E0joPZD0tCWZx&grant_type=authorization_code HTTP/1.1
Host: api.weixin.qq.com
User-Agent: GuzzleHttp/6.3.2 curl/7.54.1 PHP/7.1.7


<<<<<<<<
HTTP/1.1 200 OK
Connection: keep-alive
Content-Type: text/plain
Date: Fri, 25 May 2018 15:29:02 GMT
Content-Length: 100

{"session_key":"VllRJeCwi21KUrTPxPb19g==","expires_in":7200,"openid":"oIen-0KyUa-hr2eUt11byR902x8c"}
--------
NULL  
[2018-05-25 23:31:30] NULL.INFO: >>>>>>>>
GET /sns/jscode2session?access_token=10_di8RH60P0jZF3H-l_0xFs0cunLEIv7CL0wgdB9BOXFQayezHbVZ7ogf8YlE8AoWyxqffTjw41zBtB1dKYGofojW5A_Ne2f25h2TGKEdkXbXhKzv3N9lchmW1YFa7pqxX_qvznaVeiFE1YuFcOLPbAIAAXB&appid=wxa3e468cc9a38d354&secret=220dd85ccb8e554766529a20a645578a&js_code=061UorxN0kxXU324UeyN0jBuxN0Uorxa&grant_type=authorization_code HTTP/1.1
Host: api.weixin.qq.com
User-Agent: GuzzleHttp/6.3.2 curl/7.54.1 PHP/7.1.7


<<<<<<<<
HTTP/1.1 200 OK
Connection: keep-alive
Content-Type: text/plain
Date: Fri, 25 May 2018 15:31:30 GMT
Content-Length: 102

{"session_key":"3KaM+VqVelLG6sGyz\/\/Dew==","expires_in":7200,"openid":"oIen-0KyUa-hr2eUt11byR902x8c"}
--------
NULL  
[2018-05-25 23:38:38] NULL.INFO: >>>>>>>>
GET /sns/jscode2session?access_token=10_di8RH60P0jZF3H-l_0xFs0cunLEIv7CL0wgdB9BOXFQayezHbVZ7ogf8YlE8AoWyxqffTjw41zBtB1dKYGofojW5A_Ne2f25h2TGKEdkXbXhKzv3N9lchmW1YFa7pqxX_qvznaVeiFE1YuFcOLPbAIAAXB&appid=wxa3e468cc9a38d354&secret=220dd85ccb8e554766529a20a645578a&js_code=011lDBEK14FRm50kQ4GK1NkxEK1lDBE3&grant_type=authorization_code HTTP/1.1
Host: api.weixin.qq.com
User-Agent: GuzzleHttp/6.3.2 curl/7.54.1 PHP/7.1.7


<<<<<<<<
HTTP/1.1 200 OK
Connection: keep-alive
Content-Type: text/plain
Date: Fri, 25 May 2018 15:38:38 GMT
Content-Length: 100

{"session_key":"dh2S33qkKS1An8yCX62OZw==","expires_in":7200,"openid":"oIen-0KyUa-hr2eUt11byR902x8c"}
--------
NULL  
[2018-06-05 22:00:07] NULL.INFO: >>>>>>>>
GET /sns/jscode2session?access_token=10_3RutgWhqEZcEp8Y5kUqZ-Zn4GzjoZXRa_E7-2AQn2t_QzW7gNK7RfxgbGnwWhHeVIWQelxbn2ZHJoxYfHrW7bBeSyckspazyrgO3jPJhP-Q7G-5Ykp3c2omwIhDvtqOPJGf6nXJ8hdX8sMeAHXGiAJANDM&appid=wxa3e468cc9a38d354&secret=220dd85ccb8e554766529a20a645578a&js_code=011jPYlb2pNq6O08WEkb2Hs3mb2jPYly&grant_type=authorization_code HTTP/1.1
Host: api.weixin.qq.com
User-Agent: GuzzleHttp/6.3.2 curl/7.54.1 PHP/7.1.7


<<<<<<<<
HTTP/1.1 200 OK
Connection: keep-alive
Content-Type: text/plain
Date: Tue, 05 Jun 2018 14:00:11 GMT
Content-Length: 101

{"session_key":"ipVBk\/3R7JYPa2N9KzEbXg==","expires_in":7200,"openid":"oIen-0KyUa-hr2eUt11byR902x8c"}
--------
NULL  
